Arguments: 
  /usr/local/bin/node /usr/local/bin/yarn add -s nodemon express

PATH: 
  /Users/MAC/miniconda3/bin:/Users/MAC/.rbenv/shims:/Library/Java/JavaVirtualMachines/jdk1.8.0_51.jdk/Contents/Home/bin:/Users/MAC/.rvm/gems/ruby-2.2.1/bin:/Users/MAC/.rvm/bin:/Users/MAC/.rvm/gems/ruby-2.2.1/bin:/Users/MAC/.rvm/gems/ruby-2.2.1@global/bin:/Users/MAC/.rvm/rubies/ruby-2.2.1/bin:/usr/local/bin:/usr/local/sbin:/usr/local/bin:/bin:/Library/Frameworks/Python.framework/Versions/3.4/bin:/sbin:/usr/bin:/usr/sbin:/usr/local/sbin:/Users/MAC/.rvm/gems/ruby-2.2.1/bin:/usr/local/bin:/usr/bin:/bin:/usr/sbin:/sbin:/opt/X11/bin:/usr/sbin:/Users/MAC/.rvm/bin:/Users/MAC/:/Users/MAC/.vimpkg/bin:/Users/MAC/golang/bin:/usr/local/opt/go/libexec/bin

Yarn version: 
  0.24.6

Node version: 
  6.11.0

Platform: 
  darwin x64

npm manifest: 
  {
    "name": "websocket",
    "version": "1.0.0",
    "description": "",
    "main": "index.js",
    "scripts": {
      "test": "echo \"Error: no test specified\" && exit 1"
    },
    "author": "",
    "license": "ISC"
  }

yarn manifest: 
  No manifest

Lockfile: 
  No lockfile

Trace: 
  Error: http://registry.npmjs.org/uuid: ETIMEDOUT
      at Timeout._onTimeout (/usr/local/Cellar/yarn/0.24.6/libexec/lib/yarn-cli.js:108518:19)
      at ontimeout (timers.js:386:14)
      at tryOnTimeout (timers.js:250:5)
      at Timer.listOnTimeout (timers.js:214:5)
